tensor([4], device='cuda:0')
Boxes(tensor([[ 272.4805,  156.7049, 1204.2205,  481.6297]], device='cuda:0'))
tensor([4], device='cuda:0')
Boxes(tensor([[266.6544, 163.4341, 809.9566, 333.1383]], device='cuda:0'))
tensor([4, 4, 4, 4, 4], device='cuda:0')
Boxes(tensor([[ 774.3882,  393.1922, 1151.5500,  513.1663],
        [ 267.0646,  165.3310,  647.4879,  288.1414],
        [1083.1608,  224.0005, 1465.3223,  346.2151],
        [ 785.0219,   79.1752, 1160.4862,  201.9130],
        [  47.3051,  497.3060,  426.6828,  618.6078]], device='cuda:0'))
tensor([ 4,  4,  4,  4,  4, 33, 33,  0], device='cuda:0')
Boxes(tensor([[ 267.0646,  165.3310,  647.4879,  288.1414],
        [ 774.1608,  393.2464, 1151.9723,  513.4041],
        [ 785.0213,   79.1747, 1160.4756,  201.9120],
        [  47.3051,  497.3060,  426.6828,  618.6078],
        [1092.5559,  220.6449, 1466.7073,  346.0059],
        [1186.7328,  351.5974, 1560.8165,  703.4060],
        [1202.8608,  345.3975, 1525.4043,  540.0730],
        [1172.3108,  350.6839, 1569.9664,  685.8907]], device='cuda:0'))
tensor([4], device='cuda:0')
Boxes(tensor([[ 284.7949,  158.9625, 1171.4323,  476.2684]], device='cuda:0'))
tensor([4], device='cuda:0')
Boxes(tensor([[277.0747, 164.3252, 790.0618, 339.7523]], device='cuda:0'))
tensor([4, 4, 4, 4, 4], device='cuda:0')
Boxes(tensor([[1089.3097,  223.1990, 1470.6840,  345.9674],
        [  47.7462,  497.2927,  426.5893,  617.9782],
        [ 779.1655,   77.4369, 1166.8971,  197.0361],
        [ 262.1883,  164.3667,  651.8903,  289.6136],
        [ 775.3633,  391.4475, 1159.0190,  515.4235]], device='cuda:0'))
tensor([ 4,  4,  4,  4,  4, 33,  0], device='cuda:0')
Boxes(tensor([[  47.7462,  497.2927,  426.5893,  617.9782],
        [ 779.1614,   77.4381, 1166.9016,  197.0382],
        [ 262.1883,  164.3667,  651.8903,  289.6136],
        [1091.3040,  222.1674, 1466.7113,  347.3908],
        [ 775.9388,  391.9576, 1158.9766,  516.0920],
        [1190.8716,  381.5868, 1566.1251,  698.6440],
        [1204.8822,  348.5983, 1563.0629,  705.7374]], device='cuda:0'))
