tensor([20, 72, 20], device='cuda:0')
Boxes(tensor([[145.6184,  83.2471, 537.0916, 440.5415],
        [526.7934, 225.9827, 639.6429, 473.9402],
        [219.7400, 258.0891, 345.2437, 438.4301]], device='cuda:0'))
tensor([ 0, 74,  0,  6,  0, 26,  0, 26, 28, 72, 28,  2, 26, 13],
       device='cuda:0')
Boxes(tensor([[152.3867, 236.3107, 217.6066, 386.5004],
        [294.9391,  55.6016, 364.8467, 123.7200],
        [332.3343, 239.0740, 366.8435, 354.1241],
        [208.5413, 173.7945, 421.4046, 331.8509],
        [517.3579, 227.4174, 538.4128, 310.8091],
        [355.9778, 274.2049, 381.2841, 314.5594],
        [557.4933, 251.9591, 572.1522, 276.8150],
        [332.9688, 260.6694, 357.4680, 302.1745],
        [530.8546, 291.9482, 556.8239, 314.1584],
        [414.6725, 195.9519, 483.4463, 347.4317],
        [529.8489, 264.5491, 556.5328, 314.0810],
        [ 46.6744, 381.8615, 332.5603, 422.5362],
        [332.6334, 270.5388, 347.9128, 300.7562],
        [555.6429, 254.4848, 574.3535, 274.3569]], device='cuda:0'))
tensor([20, 20, 72], device='cuda:0')
Boxes(tensor([[134.5332,  79.1131, 533.4100, 442.1329],
        [217.8895, 266.4225, 371.1370, 434.3995],
        [522.7601, 225.5775, 640.0000, 475.9910]], device='cuda:0'))
tensor([ 0, 74,  0,  6, 28, 26,  0,  0, 72, 26, 28, 26], device='cuda:0')
Boxes(tensor([[148.6247, 235.2766, 216.4150, 386.3872],
        [295.8348,  54.9989, 365.4928, 123.4361],
        [332.1538, 240.2478, 364.6185, 353.9899],
        [206.6280, 176.8490, 419.1719, 324.1657],
        [527.7207, 291.6430, 557.1617, 314.0863],
        [353.9610, 274.9955, 381.5813, 314.9826],
        [517.6371, 227.5235, 538.0825, 305.8726],
        [557.7623, 251.8006, 572.0312, 276.3871],
        [413.2758, 191.7996, 484.7161, 351.0508],
        [333.0415, 265.0184, 355.3148, 302.0403],
        [530.3801, 271.4688, 556.8772, 314.1502],
        [332.7571, 274.7050, 347.3773, 301.2919]], device='cuda:0'))
